2023-02-20 13:53:05.8159 
================LoginByUbioXFace : Bat dau login by UbioXFace==================
2023-02-20 13:55:56.0509 
================LoginByUbioXFace : Bat dau login by UbioXFace==================
2023-02-20 14:24:59.6745 
================LoginByUbioXFace : Bat dau login by UbioXFace==================
2023-02-20 14:26:36.6455 
================LoginByUbioXFace : Bat dau login by UbioXFace==================
2023-02-20 14:27:52.8554 
================LoginByUbioXFace : Bat dau login by UbioXFace==================
2023-02-20 15:36:45.7320 
================LoginByUbioXFace : Bat dau login by UbioXFace==================
2023-02-20 15:38:45.7105 
Ket qua login: success: False-----data: ""----ErrorMessage: Unable to connect to the remote server
2023-02-20 15:50:21.0922 
================LoginByUbioXFace : Bat dau login by UbioXFace==================
2023-02-20 15:56:51.9651 
Ket qua login: success: False-----data: ""----ErrorMessage: Unable to connect to the remote server
2023-02-20 15:56:51.9871 
==============GetLogsByUbioXFace : Bat dau lay du lieu by Ubio XFace: cookies: {}==============
2023-02-20 15:56:51.9990 
Ket qua lay du lieu: success: False-----data: ""----ErrorMessage: Http verb GET does not support body
2023-02-20 15:58:15.9195 
================LoginByUbioXFace : Bat dau login by UbioXFace==================
2023-02-20 15:58:36.9656 
Ket qua login: success: False-----data: ""----ErrorMessage: Unable to connect to the remote server
2023-02-20 15:58:36.9656 
==============GetLogsByUbioXFace : Bat dau lay du lieu by Ubio XFace: cookies: {}==============
2023-02-20 15:59:00.5258 
Ket qua lay du lieu: success: False-----data: ""----ErrorMessage: Http verb GET does not support body
2023-02-20 15:59:04.6757 
================LoginByUbioXFace : Bat dau login by UbioXFace==================
2023-02-20 15:59:25.7202 
Ket qua login: success: False-----data: ""----ErrorMessage: Unable to connect to the remote server
2023-02-20 15:59:25.7202 
==============GetLogsByUbioXFace : Bat dau lay du lieu by Ubio XFace: cookies: {}==============
2023-02-20 16:02:29.5911 
================LoginByUbioXFace : Bat dau login by UbioXFace==================
2023-02-20 16:02:50.7234 
Ket qua login: success: False-----data: ""----ErrorMessage: Unable to connect to the remote server
2023-02-20 16:02:50.7403 
==============GetLogsByUbioXFace : Bat dau lay du lieu by Ubio XFace: cookies: {}==============
2023-02-20 16:04:08.9212 
Ket qua lay du lieu: success: False-----data: ""----ErrorMessage: Unable to connect to the remote server
2023-02-20 16:04:55.2567 
================LoginByUbioXFace : Bat dau login by UbioXFace==================
2023-02-20 16:08:30.0643 
================LoginByUbioXFace : Bat dau login by UbioXFace==================
2023-02-20 16:08:51.2046 
Ket qua login: success: False-----data: ""----ErrorMessage: Unable to connect to the remote server
2023-02-20 16:08:51.2166 
==============GetLogsByUbioXFace: Bat dau lay du lieu by Ubio XFace: cookies: {}==============
2023-02-20 16:17:53.8018 
================LoginByUbioXFace : Bat dau login by UbioXFace==================
2023-02-20 16:18:14.9198 
Ket qua login: success: False-----data: ""----ErrorMessage: Unable to connect to the remote server
2023-02-20 16:18:14.9587 
==============GetLogsByUbioXFace: Bat dau lay du lieu by Ubio XFace: cookies: {}--ucsinfo: ---extinfo-==============
2023-02-20 16:19:04.0706 
Ket qua lay du lieu: success: False-----data: ""----ErrorMessage: Unable to connect to the remote server
2023-02-20 16:20:05.0438 
================LoginByUbioXFace : Bat dau login by UbioXFace==================
2023-02-20 16:20:42.6069 
Ket qua login: success: False-----data: ""----ErrorMessage: Unable to connect to the remote server
2023-02-20 16:20:56.2178 
==============GetLogsByUbioXFace: Bat dau lay du lieu by Ubio XFace: cookies: {}--ucsinfo: ---extinfo-==============
2023-02-20 16:27:30.7031 
================LoginByUbioXFace : Bat dau login by UbioXFace==================
2023-02-20 16:27:58.5913 
Ket qua login: success: False-----data: ""----ErrorMessage: Unable to connect to the remote server
2023-02-20 16:28:22.1612 
==============GetLogsByUbioXFace: Bat dau lay du lieu by Ubio XFace: cookies: {}--ucsinfo: a400c524-3699-49bf-4159-927e9711e310---extinfo9d51b4e236ec593131500a12691fa26a-==============
2023-02-20 16:29:23.3549 
Ket qua lay du lieu: success: False-----data: ""----ErrorMessage: Unable to connect to the remote server
2023-02-20 16:35:51.2981 
================LoginByUbioXFace : Bat dau login by UbioXFace==================
2023-02-20 16:36:20.5799 
Ket qua login: success: False-----data: ""----ErrorMessage: Unable to connect to the remote server
2023-02-20 16:36:28.9888 
==============GetLogsByUbioXFace: Bat dau lay du lieu by Ubio XFace: cookies: {}--ucsinfo: a400c524-3699-49bf-4159-927e9711e310---extinfo9d51b4e236ec593131500a12691fa26a-==============
2023-02-20 16:38:27.4633 
================LoginByUbioXFace : Bat dau login by UbioXFace==================
2023-02-20 16:38:48.6055 
Ket qua login: success: False-----data: ""----ErrorMessage: Unable to connect to the remote server
2023-02-20 16:38:51.2301 
==============GetLogsByUbioXFace: Bat dau lay du lieu by Ubio XFace: cookies: {}--ucsinfo: a400c524-3699-49bf-4159-927e9711e310---extinfo9d51b4e236ec593131500a12691fa26a-==============
2023-02-20 16:39:31.6829 
Ket qua lay du lieu: success: False-----data: ""----ErrorMessage: Unable to connect to the remote server
