2023-02-23 18:12:06.9346 
================LoginByUbioXFace_V2 : Bat dau login by UbioXFace==================
2023-02-23 18:12:37.2175 
================LoginByUbioXFace_V2 : Exception: One or more errors occurred.==================
2023-02-23 18:12:38.6259 
==============GetLogsByUbioXFace: Bat dau lay du lieu by Ubio XFace: cookies: {}--ucsinfo: ---extinfo: -==============
2023-02-23 18:13:03.0491 
Ket qua lay du lieu: success: False-----data: ""----ErrorMessage: Unable to connect to the remote server
2023-02-23 18:13:09.8562 
================LoginByUbioXFace_V2 : Bat dau login by UbioXFace==================
2023-02-23 18:24:54.2771 
================LoginByUbioXFace : Bat dau login by UbioXFace==================
2023-02-23 18:25:20.0055 
Ket qua login: success: False-----data: ""----ErrorMessage: Unable to connect to the remote server
2023-02-23 18:25:25.7377 
==============GetLogsByUbioXFace: Bat dau lay du lieu by Ubio XFace: cookies: {}--ucsinfo: ---extinfo: -==============
2023-02-23 18:29:41.9571 
================LoginByUbioXFace : Bat dau login by UbioXFace==================
2023-02-23 18:30:03.2190 
Ket qua login: success: False-----data: ""----ErrorMessage: Unable to connect to the remote server
2023-02-23 18:30:03.2560 
==============GetLogsByUbioXFace: Bat dau lay du lieu by Ubio XFace: cookies: {}--ucsinfo: ---extinfo: -==============
