2023-08-31 15:00:50.0907 
Bat dau ReadType
2023-08-31 15:00:50.0947 
ReadType_0 xong: success_False_ machineNumber: 1===============
2023-08-31 15:00:50.0947 
Bat dau type
2023-08-31 15:03:34.1728 tnPullData_Click: 
Bat dau ReadType
ReadType_0 xong: success_False_ machineNumber: 1===============
Type1 - Count: 89194 ======== Count: 89195
2023-08-31 15:03:59.7799 
Bat dau ReadType
2023-08-31 15:04:04.6052 
ReadType_0 xong: success_False_ machineNumber: 1===============
2023-08-31 15:04:07.2668 
Bat dau type
2023-08-31 15:04:32.2975 tnPullData_Click: 
Bat dau ReadType
ReadType_0 xong: success_False_ machineNumber: 1===============
Type1 - Count: 0 ======== Count: 1
2023-08-31 15:04:35.3740 
Bat dau ReadType
2023-08-31 15:04:37.1764 
ReadType_0 xong: success_False_ machineNumber: 1===============
2023-08-31 15:04:37.1764 
Bat dau type
2023-08-31 15:04:44.7372 tnPullData_Click: 
Bat dau ReadType
ReadType_0 xong: success_False_ machineNumber: 1===============
Type1 - Count: 0 ======== Count: 1
2023-08-31 15:04:46.2487 
Bat dau ReadType
2023-08-31 15:04:51.2651 
ReadType_0 xong: success_False_ machineNumber: 1===============
2023-08-31 15:04:51.2651 
Bat dau type
2023-08-31 15:05:24.1758 tnPullData_Click: 
Bat dau ReadType
ReadType_0 xong: success_False_ machineNumber: 1===============
Type1 - Count: 0 ======== Count: 1
